\BOOKMARK [1][-]{section.1}{Introduction}{}% 1
\BOOKMARK [2][-]{subsection.1.1}{Our Contributions}{section.1}% 2
\BOOKMARK [1][-]{section.2}{Background}{}% 3
\BOOKMARK [2][-]{subsection.2.1}{Payment Channels \046 the Lightning Network}{section.2}% 4
\BOOKMARK [2][-]{subsection.2.2}{Liquidity Boostrapping Problems in the Lightning Network}{section.2}% 5
\BOOKMARK [2][-]{subsection.2.3}{New Routing Node Boostrapping}{section.2}% 6
\BOOKMARK [2][-]{subsection.2.4}{New Service Boostrapping}{section.2}% 7
\BOOKMARK [2][-]{subsection.2.5}{End User Boostrapping}{section.2}% 8
\BOOKMARK [2][-]{subsection.2.6}{Market Design \046 Auction Theory}{section.2}% 9
\BOOKMARK [2][-]{subsection.2.7}{Money Markets \046 Capital Leases}{section.2}% 10
\BOOKMARK [1][-]{section.3}{Bootstrapping Problems as Solved by CLM}{}% 11
\BOOKMARK [2][-]{subsection.3.1}{Bootstrapping New Users via Sidecar Channels}{section.3}% 12
\BOOKMARK [2][-]{subsection.3.2}{Demand Fueled Routing Node Channel Selection}{section.3}% 13
\BOOKMARK [2][-]{subsection.3.3}{Bootstrapping New Services to Lightning}{section.3}% 14
\BOOKMARK [2][-]{subsection.3.4}{Cross-Chain Market Maker Liquidity Sourcing}{section.3}% 15
\BOOKMARK [2][-]{subsection.3.5}{Instant Lightning Wallet User On Boarding}{section.3}% 16
\BOOKMARK [2][-]{subsection.3.6}{Variance Reduction in Routing Node Revenue}{section.3}% 17
\BOOKMARK [1][-]{section.4}{The Channel Lease Marketplace}{}% 18
\BOOKMARK [2][-]{subsection.4.1}{High-Level Description}{section.4}% 19
\BOOKMARK [2][-]{subsection.4.2}{Lightning Channel Leases}{section.4}% 20
\BOOKMARK [2][-]{subsection.4.3}{Non-Custodial Auction Accounts}{section.4}% 21
\BOOKMARK [2][-]{subsection.4.4}{Order Structure \046 Verification}{section.4}% 22
\BOOKMARK [2][-]{subsection.4.5}{Auction Design}{section.4}% 23
\BOOKMARK [3][-]{subsubsection.4.5.1}{Auction Specification}{subsection.4.5}% 24
\BOOKMARK [1][-]{section.5}{The Shadowchain: A Bitcoin Overlay Application Framework}{}% 25
\BOOKMARK [2][-]{subsection.5.1}{High-Level Description}{section.5}% 26
\BOOKMARK [2][-]{subsection.5.2}{Comparison To Related Frameworks}{section.5}% 27
\BOOKMARK [2][-]{subsection.5.3}{The Shadowchain Framework}{section.5}% 28
\BOOKMARK [3][-]{subsubsection.5.3.1}{Shadowchain Orchestrator}{subsection.5.3}% 29
\BOOKMARK [3][-]{subsubsection.5.3.2}{Lifted UTXOs}{subsection.5.3}% 30
\BOOKMARK [3][-]{subsubsection.5.3.3}{The Shadowchain}{subsection.5.3}% 31
\BOOKMARK [3][-]{subsubsection.5.3.4}{Shadowchain Operation}{subsection.5.3}% 32
\BOOKMARK [1][-]{section.6}{Lightning Pool: A Channel Liquidity Marketplace as a Shadow Chain}{}% 33
\BOOKMARK [2][-]{subsection.6.1}{Instantiating a CLM}{section.6}% 34
\BOOKMARK [3][-]{subsubsection.6.1.1}{System Initialization}{subsection.6.1}% 35
\BOOKMARK [3][-]{subsubsection.6.1.2}{Lightning Pool Accounts}{subsection.6.1}% 36
\BOOKMARK [3][-]{subsubsection.6.1.3}{Channel Leases in the Lightning Network}{subsection.6.1}% 37
\BOOKMARK [3][-]{subsubsection.6.1.4}{Order Structure}{subsection.6.1}% 38
\BOOKMARK [3][-]{subsubsection.6.1.5}{Node Rating Agencies}{subsection.6.1}% 39
\BOOKMARK [3][-]{subsubsection.6.1.6}{Uniform Price Market Clearing \046 Matching}{subsection.6.1}% 40
\BOOKMARK [3][-]{subsubsection.6.1.7}{Auction Batch Execution}{subsection.6.1}% 41
\BOOKMARK [3][-]{subsubsection.6.1.8}{Sidecar Channel Market Clearing \046 Batch Execution}{subsection.6.1}% 42
\BOOKMARK [3][-]{subsubsection.6.1.9}{LSAT as Pool Tickets}{subsection.6.1}% 43
\BOOKMARK [2][-]{subsection.6.2}{The Lightning Pool Shadowchain}{section.6}% 44
\BOOKMARK [3][-]{subsubsection.6.2.1}{Lightning Pool Accounts as Lifted UTXOs}{subsection.6.2}% 45
\BOOKMARK [3][-]{subsubsection.6.2.2}{Auction Batch Proposal}{subsection.6.2}% 46
\BOOKMARK [3][-]{subsubsection.6.2.3}{Shadowchain Batch Execution}{subsection.6.2}% 47
\BOOKMARK [3][-]{subsubsection.6.2.4}{Unconfirmed Batch Cut-Through}{subsection.6.2}% 48
\BOOKMARK [3][-]{subsubsection.6.2.5}{Auction Upgrades}{subsection.6.2}% 49
\BOOKMARK [1][-]{section.7}{Security Analysis}{}% 50
\BOOKMARK [1][-]{section.8}{Future Directions}{}% 51
\BOOKMARK [1][-]{section.9}{Related Work}{}% 52
\BOOKMARK [1][-]{section.10}{Conclusion}{}% 53
